<?xml version="1.0" encoding="UTF-8"?>
<!-- Generated by org.testng.reporters.JUnitReportReporter -->
<testsuite hostname="MyplexQA-PC" name="com.flipkart.login.google_login_test" tests="1" failures="0" timestamp="15 Sep 2014 05:27:25 GMT" time="31.834" errors="0">
  <testcase name="facebook_login" time="31.834" classname="com.flipkart.login.google_login_test"/>
</testsuite> <!-- com.flipkart.login.google_login_test -->
