<?xml version="1.0" encoding="UTF-8"?>
<!-- Generated by org.testng.reporters.JUnitReportReporter -->
<testsuite hostname="MyplexQA-PC" name="com.flipkart.login.flipkart_login_test" tests="1" failures="0" timestamp="15 Sep 2014 08:39:12 GMT" time="19.820" errors="0">
  <testcase name="login" time="19.820" classname="com.flipkart.login.flipkart_login_test"/>
</testsuite> <!-- com.flipkart.login.flipkart_login_test -->
