<?xml version="1.0" encoding="UTF-8"?>
<!-- Generated by org.testng.reporters.JUnitReportReporter -->
<testsuite hostname="MyplexQA-PC" name="com.flipkart.login.facebook_login_test" tests="1" failures="0" timestamp="15 Sep 2014 08:39:12 GMT" time="26.046" errors="0">
  <testcase name="facebook_login" time="26.046" classname="com.flipkart.login.facebook_login_test"/>
</testsuite> <!-- com.flipkart.login.facebook_login_test -->
